Arguments: 
  C:\Program Files\nodejs\node.exe C:\Users\2theMoon\AppData\Roaming\npm\node_modules\yarn\bin\yarn.js add golobal create-react-app

PATH: 
  C:\Python39\Scripts\;C:\Python39\;D:\app\2theMoon\product\11.2.0\dbhome_1\bin;C:\Program Files\Java\jdk-11.0.12\bin;C:\Program Files\Common Files\Oracle\Java\javapath;C:\Program Files (x86)\Common Files\Oracle\Java\javapath;C:\Windows\system32;C:\Windows;C:\Windows\System32\Wbem;C:\Windows\System32\WindowsPowerShell\v1.0\;C:\Windows\System32\OpenSSH\;C:\Program Files\Git\cmd;C:\Program Files (x86)\NVIDIA Corporation\PhysX\Common;C:\Program Files\NVIDIA Corporation\NVIDIA NvDLISR;C:\Program Files\nodejs\;C:\ProgramData\chocolatey\bin;C:\Program Files\MongoDB\Server\5.0\bin;C:\Program Files\MySQL\MySQL Shell 8.0\bin\;C:\Users\2theMoon\AppData\Local\Microsoft\WindowsApps;C:\Users\2theMoon\AppData\Local\Programs\Microsoft VS Code\bin;C:\Users\2theMoon\AppData\Local\GitHubDesktop\bin;C:\Program Files\Bandizip\;C:\Users\2theMoon\AppData\Roaming\npm;C:\Program Files\JetBrains\IntelliJ IDEA Community Edition 2021.2.2\bin;

Yarn version: 
  1.22.17

Node version: 
  14.17.6

Platform: 
  win32 x64

Trace: 
  Error: https://registry.yarnpkg.com/golobal: Not found
      at Request.params.callback [as _callback] (C:\Users\2theMoon\AppData\Roaming\npm\node_modules\yarn\lib\cli.js:67029:18)
      at Request.self.callback (C:\Users\2theMoon\AppData\Roaming\npm\node_modules\yarn\lib\cli.js:140883:22)
      at Request.emit (events.js:400:28)
      at Request.<anonymous> (C:\Users\2theMoon\AppData\Roaming\npm\node_modules\yarn\lib\cli.js:141855:10)
      at Request.emit (events.js:400:28)
      at IncomingMessage.<anonymous> (C:\Users\2theMoon\AppData\Roaming\npm\node_modules\yarn\lib\cli.js:141777:12)
      at Object.onceWrapper (events.js:519:28)
      at IncomingMessage.emit (events.js:412:35)
      at endReadableNT (internal/streams/readable.js:1317:12)
      at processTicksAndRejections (internal/process/task_queues.js:82:21)

npm manifest: 
  No manifest

yarn manifest: 
  No manifest

Lockfile: 
  No lockfile
